C51 COMPILER V9.00   MAIN                                                                  03/03/2017 21:32:05 PAGE 1   


C51 COMPILER V9.00, COMPILATION OF MODULE MAIN
OBJECT MODULE PLACED IN main.obj
COMPILER INVOKED BY: I:\program\keil\C51\BIN\C51.EXE class\main.c COMPACT ROM(COMPACT) BROWSE DEBUG OBJECTEXTEND PRINT(.
                    -\main.lst) OBJECT(main.obj)

line level    source

   1          #include"global.h"
   2          #include"uart.h"
   3          sbit KEY = P1^0 ;
   4          
   5          unsigned int timer = 0;
   6          //TIMERMANGER _tmg;
   7          
   8          void C51Timer0Init();
   9          void init();
  10          void main()
  11          {
  12   1          init();
  13   1          while(1)
  14   1              {
  15   2                      KEY=1;
  16   2                      if(!KEY)
  17   2                      {
  18   3                              SendString("hello\r\n");
  19   3                      }
  20   2                      ClockDistributer(&_tmg);
  21   2              }
  22   1      }
  23          void init()
  24          {
  25   1              uartinit();
  26   1              C51Timer0Init();
  27   1              TimerMangerInit(&_tmg);
  28   1              DumpTimerManager(&_tmg);
  29   1              smallerinit();
  30   1      }
  31           void C51Timer0Init()
  32          {       
  33   1              AUXR |= 0x80;           //定时器时钟1T模式
  34   1              TMOD &= 0xF0;           //设置定时器模式
  35   1              TL0 = 0xCD;             //设置定时初值
  36   1              TH0 = 0xD4;             //设置定时初值
  37   1              TF0 = 0;                //清除TF0标志
  38   1              TR0 = 1;                //定时器0开始计时
  39   1              ET0 = 1; //使能定时器0中断
  40   1          EA = 1;
  41   1      
  42   1      }
  43          
  44          void Timer0Interrupt() interrupt 1 using 2
  45          {
  46   1                 
  47   1                 timerpump(&_tmg);
  48   1                 timer = (timer+1)%1000;
  49   1                 if(!timer)
  50   1                 {
  51   2                      P54 = ~P54;
  52   2               
  53   2                 }
  54   1      }
C51 COMPILER V9.00   MAIN                                                                  03/03/2017 21:32:05 PAGE 2   

  55          


MODULE INFORMATION:   STATIC OVERLAYABLE
   CODE SIZE        =    139    ----
   CONSTANT SIZE    =      8    ----
   XDATA SIZE       =   ----    ----
   PDATA SIZE       =      2    ----
   DATA SIZE        =   ----    ----
   IDATA SIZE       =   ----    ----
   BIT SIZE         =   ----    ----
END OF MODULE INFORMATION.


C51 COMPILATION COMPLETE.  0 WARNING(S),  0 ERROR(S)
