C51 COMPILER V9.00   UART                                                                  03/03/2017 21:32:05 PAGE 1   


C51 COMPILER V9.00, COMPILATION OF MODULE UART
OBJECT MODULE PLACED IN uart.obj
COMPILER INVOKED BY: I:\program\keil\C51\BIN\C51.EXE class\uart.c COMPACT ROM(COMPACT) BROWSE DEBUG OBJECTEXTEND PRINT(.
                    -\uart.lst) OBJECT(uart.obj)

line level    source

   1          #include"uart.h"
   2           bit busy=0;
   3          void uartinit()
   4          {
   5   1          ACC = P_SW1;
   6   1          ACC &= ~(S1_S0 | S1_S1);    //S1_S0=0 S1_S1=0
   7   1          P_SW1 = ACC;                //(P3.0/RxD, P3.1/TxD)
   8   1          
   9   1      //  ACC = P_SW1;
  10   1      //  ACC &= ~(S1_S0 | S1_S1);    //S1_S0=1 S1_S1=0
  11   1      //  ACC |= S1_S0;               //(P3.6/RxD_2, P3.7/TxD_2)
  12   1      //  P_SW1 = ACC;  
  13   1      //  
  14   1      //  ACC = P_SW1;
  15   1      //  ACC &= ~(S1_S0 | S1_S1);    //S1_S0=0 S1_S1=1
  16   1      //  ACC |= S1_S1;               //(P1.6/RxD_3, P1.7/TxD_3)
  17   1      //  P_SW1 = ACC;  
  18   1      
  19   1      #if (PARITYBIT == NONE_PARITY)
                  SCON = 0x50;                //8位可变波特率
              #elif (PARITYBIT == ODD_PARITY) || (PARITYBIT == EVEN_PARITY) || (PARITYBIT == MARK_PARITY)
  22   1          SCON = 0xda;                //9位可变波特率,校验位初始为1
  23   1      #elif (PARITYBIT == SPACE_PARITY)
                  SCON = 0xd2;                //9位可变波特率,校验位初始为0
              #endif
  26   1      
  27   1          T2L = (65536 - (FOSC/4/BAUD));   //设置波特率重装值
  28   1          T2H = (65536 - (FOSC/4/BAUD))>>8;
  29   1          AUXR = 0x14;                //T2为1T模式, 并启动定时器2
  30   1          AUXR |= 0x01;               //选择定时器2为串口1的波特率发生器
  31   1          ES = 1;                     //使能串口1中断
  32   1          EA = 1;
  33   1      }
  34          /*----------------------------
  35          UART 中断服务程序
  36          -----------------------------*/
  37          void Uart() interrupt 4 using 1
  38          {
  39   1          if (RI)
  40   1          {
  41   2              RI = 0;                 //清除RI位
  42   2          }
  43   1          if (TI)
  44   1          {
  45   2              TI = 0;                 //清除TI位
  46   2              busy = 0;               //清忙标志
  47   2          }
  48   1      }
  49          /*----------------------------
  50          发送串口数据
  51          ----------------------------*/
  52          void SendData(BYTE dat)
  53          {
  54   1          while (busy);               //等待前面的数据发送完成
C51 COMPILER V9.00   UART                                                                  03/03/2017 21:32:05 PAGE 2   

  55   1          ACC = dat;                  //获取校验位P (PSW.0)
  56   1          if (P)                      //根据P来设置校验位
  57   1          {
  58   2      #if (PARITYBIT == ODD_PARITY)
                      TB8 = 0;                //设置校验位为0
              #elif (PARITYBIT == EVEN_PARITY)
  61   2              TB8 = 1;                //设置校验位为1
  62   2      #endif
  63   2          }
  64   1          else
  65   1          {
  66   2      #if (PARITYBIT == ODD_PARITY)
                      TB8 = 1;                //设置校验位为1
              #elif (PARITYBIT == EVEN_PARITY)
  69   2              TB8 = 0;                //设置校验位为0
  70   2      #endif
  71   2          }
  72   1          busy = 1;
  73   1          SBUF = ACC;                 //写数据到UART数据寄存器
  74   1      }
  75          
  76          /*----------------------------
  77          发送字符串
  78          ----------------------------*/
  79          void SendString(char *s)
  80          {       
  81   1              unsigned char i=0;
  82   1          while (*(s+i))                  //检测字符串结束标志
  83   1          {
  84   2              SendData(*(s+i));         //发送当前字符
  85   2                      i++;
  86   2          }
  87   1      }


MODULE INFORMATION:   STATIC OVERLAYABLE
   CODE SIZE        =     97    ----
   CONSTANT SIZE    =   ----    ----
   XDATA SIZE       =   ----    ----
   PDATA SIZE       =   ----       3
   DATA SIZE        =   ----    ----
   IDATA SIZE       =   ----    ----
   BIT SIZE         =      1    ----
END OF MODULE INFORMATION.


C51 COMPILATION COMPLETE.  0 WARNING(S),  0 ERROR(S)
